
CommandNotFoundError: Your shell has not been properly configured to use 'conda deactivate'.
To initialize your shell, run

    $ conda init <SHELL_NAME>

Currently supported shells are:
  - bash
  - fish
  - tcsh
  - xonsh
  - zsh
  - powershell

See 'conda init --help' for more information and options.

IMPORTANT: You may need to close and restart your shell after running 'conda init'.


Running slide for batch male_fast2b
During startup - Warning messages:
1: package ‘methods’ was built under R version 4.4.3 
2: package ‘datasets’ was built under R version 4.4.3 
3: package ‘utils’ was built under R version 4.4.3 
4: package ‘grDevices’ was built under R version 4.4.3 
5: package ‘graphics’ was built under R version 4.4.3 
6: package ‘stats’ was built under R version 4.4.3 
R[write to console]: In addition: 
R[write to console]: Warning message:

R[write to console]: package ‘tools’ was built under R version 4.4.3 

R[write to console]: Error: .onLoad failed in loadNamespace() for 'scales', details:
  call: dyn.load(file, DLLpath = DLLpath, ...)
  error: unable to load shared object '/ocean/projects/cis240075p/asachan/R_libs_backup/farver/libs/farver.so':
  /lib64/libstdc++.so.6: version `GLIBCXX_3.4.29' not found (required by /ocean/projects/cis240075p/asachan/R_libs_backup/farver/libs/farver.so)

R[write to console]: Error: .onLoad failed in loadNamespace() for 'scales', details:
  call: dyn.load(file, DLLpath = DLLpath, ...)
  error: unable to load shared object '/ocean/projects/cis240075p/asachan/R_libs_backup/farver/libs/farver.so':
  /lib64/libstdc++.so.6: version `GLIBCXX_3.4.29' not found (required by /ocean/projects/cis240075p/asachan/R_libs_backup/farver/libs/farver.so)


### PARAMETERS ###

x_path: /ocean/projects/cis240075p/asachan/datasets/TA_muscle/ERCC1_KO_mice/integrated_samples/male_adata_fast2b_X.csv
y_path: /ocean/projects/cis240075p/asachan/datasets/TA_muscle/ERCC1_KO_mice/integrated_samples/male_adata_fast2b_Y.csv
fdr: 0.1
thresh_fdr: 0.1
spec: 0.2
y_factor: True
niter: 500
SLIDE_top_feats: 20
rep_CV: 50
pure_homo: True
delta: [0.01]
lambda: [0.5, 0.1]
out_path: /ocean/projects/cis240075p/asachan/datasets/TA_muscle/ERCC1_KO_mice/integrated_samples/analysis/male/slide_outs/fast2b
n_workers: 1
do_interacts: True

###### DATA ######

10195 samples
630 features
60.8% cases
39.2% controls

##################

Running LOVE with delta=0.01 and lambda=0.5

Error running LOVE: Error: .onLoad failed in loadNamespace() for 'scales', details:
  call: dyn.load(file, DLLpath = DLLpath, ...)
  error: unable to load shared object '/ocean/projects/cis240075p/asachan/R_libs_backup/farver/libs/farver.so':
  /lib64/libstdc++.so.6: version `GLIBCXX_3.4.29' not found (required by /ocean/projects/cis240075p/asachan/R_libs_backup/farver/libs/farver.so)


##################

Running LOVE with delta=0.01 and lambda=0.1

Error running LOVE: Error: .onLoad failed in loadNamespace() for 'scales', details:
  call: dyn.load(file, DLLpath = DLLpath, ...)
  error: unable to load shared object '/ocean/projects/cis240075p/asachan/R_libs_backup/farver/libs/farver.so':
  /lib64/libstdc++.so.6: version `GLIBCXX_3.4.29' not found (required by /ocean/projects/cis240075p/asachan/R_libs_backup/farver/libs/farver.so)


##################

Done with slide for batch male_fast2b
