
CommandNotFoundError: Your shell has not been properly configured to use 'conda deactivate'.
To initialize your shell, run

    $ conda init <SHELL_NAME>

Currently supported shells are:
  - bash
  - fish
  - tcsh
  - xonsh
  - zsh
  - powershell

See 'conda init --help' for more information and options.

IMPORTANT: You may need to close and restart your shell after running 'conda init'.


Running slide for batch female_fast2b
During startup - Warning messages:
1: package ‘methods’ was built under R version 4.4.3 
2: package ‘datasets’ was built under R version 4.4.3 
3: package ‘utils’ was built under R version 4.4.3 
4: package ‘grDevices’ was built under R version 4.4.3 
5: package ‘graphics’ was built under R version 4.4.3 
6: package ‘stats’ was built under R version 4.4.3 
R[write to console]: In addition: 
R[write to console]: Warning message:

R[write to console]: package ‘tools’ was built under R version 4.4.3 


### PARAMETERS ###

x_path: /ocean/projects/cis240075p/asachan/datasets/TA_muscle/ERCC1_KO_mice/integrated_samples/female_adata_fast2b_X.csv
y_path: /ocean/projects/cis240075p/asachan/datasets/TA_muscle/ERCC1_KO_mice/integrated_samples/female_adata_fast2b_Y.csv
fdr: 0.1
thresh_fdr: 0.1
spec: 0.2
y_factor: True
niter: 500
SLIDE_top_feats: 20
rep_CV: 50
pure_homo: True
delta: [0.01]
lambda: [0.5, 0.1]
out_path: /ocean/projects/cis240075p/asachan/datasets/TA_muscle/ERCC1_KO_mice/integrated_samples/analysis/female/slide_outs/fast2b
n_workers: 1
do_interacts: True

###### DATA ######

7361 samples
712 features
46.7% cases
53.3% controls

##################

Running LOVE with delta=0.01 and lambda=0.5
LOVE found 22 latent factors.

Running SLIDE knockoffs...
Calculated f_size: 22
Finding standalone LF...
Processing subsets:   0%|          | 0/1 [00:00<?, ?it/s]R[write to console]: Error: glmnet is not installed

Processing subsets:   0%|          | 0/1 [00:16<?, ?it/s]
Traceback (most recent call last):
  File "<string>", line 23, in <module>
  File "/ocean/projects/cis240075p/asachan/algo_dev/SLIDE_py/src/loveslide/slide.py", line 436, in run_pipeline
    self.run_SLIDE(
  File "/ocean/projects/cis240075p/asachan/algo_dev/SLIDE_py/src/loveslide/slide.py", line 348, in run_SLIDE
    machop = self.find_standalone_LFs(latent_factors, spec, fdr, niter, f_size, n_workers)
  File "/ocean/projects/cis240075p/asachan/algo_dev/SLIDE_py/src/loveslide/slide.py", line 287, in find_standalone_LFs
    marginal_idxs = machop.select_short_freq(
  File "/ocean/projects/cis240075p/asachan/algo_dev/SLIDE_py/src/loveslide/knockoffs.py", line 181, in select_short_freq
    selected_indices = Knockoffs.filter_knockoffs_iterative(subset_z, y, fdr=fdr, niter=niter, spec=spec, n_workers=n_workers)
  File "/ocean/projects/cis240075p/asachan/algo_dev/SLIDE_py/src/loveslide/knockoffs.py", line 97, in filter_knockoffs_iterative
    result = knockoff.knockoff_filter(
  File "/ocean/projects/cis240075p/asachan/.conda/envs/loveslide_dev/lib/python3.9/site-packages/rpy2/robjects/functions.py", line 208, in __call__
    return (super(SignatureTranslatedFunction, self)
  File "/ocean/projects/cis240075p/asachan/.conda/envs/loveslide_dev/lib/python3.9/site-packages/rpy2/robjects/functions.py", line 131, in __call__
    res = super(Function, self).__call__(*new_args, **new_kwargs)
  File "/ocean/projects/cis240075p/asachan/.conda/envs/loveslide_dev/lib/python3.9/site-packages/rpy2/rinterface_lib/conversion.py", line 45, in _
    cdata = function(*args, **kwargs)
  File "/ocean/projects/cis240075p/asachan/.conda/envs/loveslide_dev/lib/python3.9/site-packages/rpy2/rinterface.py", line 890, in __call__
    raise embedded.RRuntimeError(_rinterface._geterrmessage())
rpy2.rinterface_lib.embedded.RRuntimeError: Error: glmnet is not installed

Done with slide for batch female_fast2b
